						Time 0.001510 Range 1.166596
						Time 0.002644 Range 2.166535
						Time 0.003778 Range 3.166475
						Time 0.004913 Range 4.166414
						Time 0.006049 Range 5.166354
						Time 0.007186 Range 6.166293
						Time 0.008324 Range 7.166232
						Time 0.009462 Range 8.166172
						Time 0.010601 Range 9.166111
						Time 0.011741 Range 10.166050
						Time 0.012882 Range 11.165989
						Time 0.014024 Range 12.165929
						Time 0.015167 Range 13.165868
						Time 0.016310 Range 14.165807
						Time 0.017455 Range 15.165746
						Time 0.018600 Range 16.165685
						Time 0.019746 Range 17.165624
						Time 0.020893 Range 18.165564
						Time 0.022040 Range 19.165503
						Time 0.023189 Range 20.165442
						Time 0.024338 Range 21.165381
						Time 0.025488 Range 22.165320
						Time 0.026639 Range 23.165259
						Time 0.027791 Range 24.165198
						Time 0.028944 Range 25.165137
						Time 0.030097 Range 26.165076
						Time 0.031252 Range 27.165014
						Time 0.032407 Range 28.164953
						Time 0.033563 Range 29.164892
						Time 0.034720 Range 30.164831
						Time 0.035878 Range 31.164770
						Time 0.037036 Range 32.164708
						Time 0.038196 Range 33.164647
						Time 0.039356 Range 34.164586
						Time 0.040517 Range 35.164525
						Time 0.041679 Range 36.164463
						Time 0.042842 Range 37.164402
						Time 0.044006 Range 38.164341
						Time 0.045171 Range 39.164279
						Time 0.046336 Range 40.164218
						Time 0.047502 Range 41.164156
						Time 0.048669 Range 42.164095
						Time 0.049837 Range 43.164033
						Time 0.051006 Range 44.163972
						Time 0.052176 Range 45.163910
						Time 0.053347 Range 46.163848
						Time 0.054518 Range 47.163787
						Time 0.055691 Range 48.163725
						Time 0.056864 Range 49.163663
						Time 0.058038 Range 50.163602
Time 0.028944 Range 25.165137
						Time 0.059213 Range 51.163540
						Time 0.060389 Range 52.163478
						Time 0.061565 Range 53.163416
						Time 0.062743 Range 54.163354
						Time 0.063921 Range 55.163293
						Time 0.065101 Range 56.163231
						Time 0.066281 Range 57.163169
						Time 0.067462 Range 58.163107
						Time 0.068644 Range 59.163045
						Time 0.069826 Range 60.162983
						Time 0.071010 Range 61.162921
						Time 0.072195 Range 62.162858
						Time 0.073380 Range 63.162796
						Time 0.074566 Range 64.162734
						Time 0.075753 Range 65.162672
						Time 0.076941 Range 66.162610
						Time 0.078130 Range 67.162547
						Time 0.079320 Range 68.162485
						Time 0.080511 Range 69.162423
						Time 0.081703 Range 70.162360
						Time 0.082895 Range 71.162298
						Time 0.084088 Range 72.162236
						Time 0.085283 Range 73.162173
						Time 0.086478 Range 74.162111
						Time 0.087674 Range 75.162048
						Time 0.088871 Range 76.161985
						Time 0.090068 Range 77.161923
						Time 0.091267 Range 78.161860
						Time 0.092467 Range 79.161797
						Time 0.093667 Range 80.161735
						Time 0.094869 Range 81.161672
						Time 0.096071 Range 82.161609
						Time 0.097274 Range 83.161546
						Time 0.098478 Range 84.161483
						Time 0.099683 Range 85.161420
						Time 0.100889 Range 86.161357
Time 0.058038 Range 50.163602
						Time 0.102096 Range 87.161294
						Time 0.103303 Range 88.161231
						Time 0.104512 Range 89.161168
						Time 0.105721 Range 90.161105
						Time 0.106932 Range 91.161042
						Time 0.108143 Range 92.160979
						Time 0.109355 Range 93.160915
						Time 0.110568 Range 94.160852
						Time 0.111782 Range 95.160789
						Time 0.112997 Range 96.160725
						Time 0.114213 Range 97.160662
						Time 0.115430 Range 98.160599
						Time 0.116647 Range 99.160535
						Time 0.117866 Range 100.160472
						Time 0.119085 Range 101.160408
						Time 0.120306 Range 102.160344
						Time 0.121527 Range 103.160280
						Time 0.122749 Range 104.160217
						Time 0.123972 Range 105.160153
						Time 0.125196 Range 106.160089
						Time 0.126421 Range 107.160025
						Time 0.127647 Range 108.159961
						Time 0.128874 Range 109.159897
						Time 0.130102 Range 110.159833
						Time 0.131330 Range 111.159769
						Time 0.132560 Range 112.159705
						Time 0.133791 Range 113.159641
						Time 0.135022 Range 114.159576
						Time 0.136254 Range 115.159512
						Time 0.137488 Range 116.159448
						Time 0.138722 Range 117.159383
						Time 0.139957 Range 118.159319
						Time 0.141193 Range 119.159254
						Time 0.142430 Range 120.159190
						Time 0.143668 Range 121.159125
						Time 0.144907 Range 122.159061
						Time 0.146147 Range 123.158996
						Time 0.147388 Range 124.158931
						Time 0.148629 Range 125.158866
						Time 0.149872 Range 126.158801
Time 0.087674 Range 75.162048
						Time 0.151116 Range 127.158737
						Time 0.152360 Range 128.158672
						Time 0.153606 Range 129.158607
						Time 0.154852 Range 130.158541
						Time 0.156099 Range 131.158476
						Time 0.157348 Range 132.158411
						Time 0.158597 Range 133.158346
						Time 0.159847 Range 134.158281
						Time 0.161098 Range 135.158215
						Time 0.162351 Range 136.158150
						Time 0.163604 Range 137.158084
						Time 0.164858 Range 138.158019
						Time 0.166113 Range 139.157953
						Time 0.167369 Range 140.157888
						Time 0.168625 Range 141.157822
						Time 0.169883 Range 142.157756
						Time 0.171142 Range 143.157690
						Time 0.172402 Range 144.157625
						Time 0.173662 Range 145.157559
						Time 0.174924 Range 146.157493
						Time 0.176187 Range 147.157427
						Time 0.177450 Range 148.157360
						Time 0.178715 Range 149.157294
						Time 0.179980 Range 150.157228
						Time 0.181247 Range 151.157162
						Time 0.182514 Range 152.157095
						Time 0.183783 Range 153.157029
						Time 0.185052 Range 154.156962
						Time 0.186323 Range 155.156896
						Time 0.187594 Range 156.156829
						Time 0.188866 Range 157.156763
						Time 0.190140 Range 158.156696
						Time 0.191414 Range 159.156629
						Time 0.192689 Range 160.156562
						Time 0.193965 Range 161.156495
						Time 0.195242 Range 162.156428
						Time 0.196521 Range 163.156361
						Time 0.197800 Range 164.156294
						Time 0.199080 Range 165.156227
						Time 0.200361 Range 166.156160
						Time 0.201643 Range 167.156092
Time 0.117866 Range 100.160472
						Time 0.202926 Range 168.156025
						Time 0.204210 Range 169.155958
						Time 0.205495 Range 170.155890
						Time 0.206781 Range 171.155822
						Time 0.208068 Range 172.155755
						Time 0.209356 Range 173.155687
						Time 0.210645 Range 174.155619
						Time 0.211935 Range 175.155551
						Time 0.213226 Range 176.155483
						Time 0.214518 Range 177.155415
						Time 0.215811 Range 178.155347
						Time 0.217105 Range 179.155279
						Time 0.218400 Range 180.155211
						Time 0.219696 Range 181.155142
						Time 0.220993 Range 182.155074
						Time 0.222291 Range 183.155006
						Time 0.223590 Range 184.154937
						Time 0.224890 Range 185.154868
						Time 0.226191 Range 186.154800
						Time 0.227493 Range 187.154731
						Time 0.228796 Range 188.154662
						Time 0.230100 Range 189.154593
						Time 0.231405 Range 190.154524
						Time 0.232711 Range 191.154455
						Time 0.234018 Range 192.154386
						Time 0.235326 Range 193.154317
						Time 0.236636 Range 194.154247
						Time 0.237946 Range 195.154178
						Time 0.239257 Range 196.154109
						Time 0.240569 Range 197.154039
						Time 0.241882 Range 198.153969
						Time 0.243196 Range 199.153900
						Time 0.244511 Range 200.153830
						Time 0.245827 Range 201.153760
						Time 0.247145 Range 202.153690
						Time 0.248463 Range 203.153620
						Time 0.249782 Range 204.153550
						Time 0.251103 Range 205.153480
						Time 0.252424 Range 206.153409
Time 0.148629 Range 125.158866
						Time 0.253746 Range 207.153339
						Time 0.255070 Range 208.153268
						Time 0.256394 Range 209.153198
						Time 0.257719 Range 210.153127
						Time 0.259046 Range 211.153057
						Time 0.260373 Range 212.152986
						Time 0.261702 Range 213.152915
						Time 0.263032 Range 214.152844
						Time 0.264362 Range 215.152773
						Time 0.265694 Range 216.152702
						Time 0.267027 Range 217.152630
						Time 0.268360 Range 218.152559
						Time 0.269695 Range 219.152488
						Time 0.271031 Range 220.152416
						Time 0.272368 Range 221.152344
						Time 0.273706 Range 222.152273
						Time 0.275045 Range 223.152201
