Time 0.006049 Range 5.166354
						Time 0.011741 Range 10.166050
Time 0.011741 Range 10.166050
						Time 0.023189 Range 20.165442
Time 0.017455 Range 15.165746
						Time 0.034720 Range 30.164831
Time 0.023189 Range 20.165442
Time 0.028944 Range 25.165137
						Time 0.046336 Range 40.164218
Time 0.034720 Range 30.164831
						Time 0.058038 Range 50.163602
Time 0.040517 Range 35.164525
Time 0.046336 Range 40.164218
						Time 0.069826 Range 60.162983
Time 0.052176 Range 45.163910
						Time 0.081703 Range 70.162360
Time 0.058038 Range 50.163602
Time 0.063921 Range 55.163293
						Time 0.093667 Range 80.161735
Time 0.069826 Range 60.162983
Time 0.075753 Range 65.162672
						Time 0.105721 Range 90.161105
Time 0.081703 Range 70.162360
Time 0.087674 Range 75.162048
						Time 0.117866 Range 100.160472
Time 0.093667 Range 80.161735
						Time 0.130102 Range 110.159833
Time 0.099683 Range 85.161420
Time 0.105721 Range 90.161105
						Time 0.142430 Range 120.159190
Time 0.111782 Range 95.160789
						Time 0.154852 Range 130.158541
Time 0.117866 Range 100.160472
Time 0.123972 Range 105.160153
						Time 0.167369 Range 140.157888
Time 0.130102 Range 110.159833
						Time 0.179980 Range 150.157228
Time 0.136254 Range 115.159512
Time 0.142430 Range 120.159190
						Time 0.192689 Range 160.156562
Time 0.148629 Range 125.158866
						Time 0.205495 Range 170.155890
Time 0.154852 Range 130.158541
						Time 0.218400 Range 180.155211
Time 0.161098 Range 135.158215
						Time 0.231405 Range 190.154524
Time 0.167369 Range 140.157888
Time 0.173662 Range 145.157559
						Time 0.244511 Range 200.153830
Time 0.179980 Range 150.157228
						Time 0.257719 Range 210.153127
						Time 0.271031 Range 220.152416
Time 0.186323 Range 155.156896
						Time 0.284447 Range 230.151696
Time 0.192689 Range 160.156562
Time 0.199080 Range 165.156227
						Time 0.297968 Range 240.150965
Time 0.205495 Range 170.155890
						Time 0.311597 Range 250.150225
Time 0.211935 Range 175.155551
						Time 0.325334 Range 260.149473
Time 0.218400 Range 180.155211
						Time 0.339180 Range 270.148711
Time 0.224890 Range 185.154868
Time 0.231405 Range 190.154524
						Time 0.353137 Range 280.147937
Time 0.237946 Range 195.154178
						Time 0.367206 Range 290.147150
Time 0.244511 Range 200.153830
						Time 0.381388 Range 300.146351
Time 0.251103 Range 205.153480
Time 0.257719 Range 210.153127
						Time 0.395684 Range 310.145538
Time 0.264362 Range 215.152773
						Time 0.410097 Range 320.144711
Time 0.271031 Range 220.152416
Time 0.277726 Range 225.152057
						Time 0.424626 Range 330.143868
Time 0.284447 Range 230.151696
						Time 0.439274 Range 340.143010
Time 0.291194 Range 235.151332
Time 0.297968 Range 240.150965
						Time 0.454042 Range 350.142135
Time 0.304769 Range 245.150596
						Time 0.468931 Range 360.141243
Time 0.311597 Range 250.150225
Time 0.318452 Range 255.149850
						Time 0.483943 Range 370.140333
Time 0.325334 Range 260.149473
						Time 0.499079 Range 380.139404
Time 0.332243 Range 265.149094
						Time 0.514341 Range 390.138456
Time 0.339180 Range 270.148711
						Time 0.529729 Range 400.137487
Time 0.346145 Range 275.148325
						Time 0.545246 Range 410.136496
Time 0.353137 Range 280.147937
						Time 0.560893 Range 420.135483
Time 0.360157 Range 285.147545
						Time 0.576671 Range 430.134446
Time 0.367206 Range 290.147150
						Time 0.592582 Range 440.133384
Time 0.374282 Range 295.146752
						Time 0.608628 Range 450.132297
Time 0.381388 Range 300.146351
						Time 0.624809 Range 460.131184
Time 0.388522 Range 305.145946
						Time 0.641128 Range 470.130042
Time 0.395684 Range 310.145538
						Time 0.657586 Range 480.128871
Time 0.402876 Range 315.145126
						Time 0.674185 Range 490.127669
						Time 0.690925 Range 500.126436
Time 0.410097 Range 320.144711
						Time 0.707810 Range 510.125169
Time 0.417347 Range 325.144291
						Time 0.724839 Range 520.123869
						Time 0.742015 Range 530.122532
Time 0.424626 Range 330.143868
						Time 0.759340 Range 540.121158
						Time 0.776814 Range 550.119745
Time 0.431935 Range 335.143441
						Time 0.794440 Range 560.118291
						Time 0.812219 Range 570.116795
Time 0.439274 Range 340.143010
						Time 0.830152 Range 580.115255
						Time 0.848241 Range 590.113669
Time 0.446643 Range 345.142575
Time 0.454042 Range 350.142135
						Time 0.866488 Range 600.112035
Time 0.461471 Range 355.141691
						Time 0.884894 Range 610.110351
Time 0.468931 Range 360.141243
						Time 0.903461 Range 620.108614
Time 0.476422 Range 365.140790
						Time 0.922189 Range 630.106822
Time 0.483943 Range 370.140333
						Time 0.941082 Range 640.104974
Time 0.491495 Range 375.139871
						Time 0.960141 Range 650.103067
Time 0.499079 Range 380.139404
						Time 0.979366 Range 660.101099
						Time 0.998760 Range 670.099066
Time 0.506694 Range 385.138933
Time 0.514341 Range 390.138456
						Time 1.018323 Range 680.096966
Time 0.522019 Range 395.137974
						Time 1.038059 Range 690.094797
Time 0.529729 Range 400.137487
						Time 1.057968 Range 700.092554
Time 0.537472 Range 405.136994
						Time 1.078051 Range 710.090237
Time 0.545246 Range 410.136496
						Time 1.098311 Range 720.087842
						Time 1.118747 Range 730.085366
Time 0.553053 Range 415.135992
						Time 1.139363 Range 740.082805
Time 0.560893 Range 420.135483
						Time 1.160159 Range 750.080156
Time 0.568766 Range 425.134967
						Time 1.181136 Range 760.077414
Time 0.576671 Range 430.134446
						Time 1.202295 Range 770.074577
Time 0.584610 Range 435.133918
						Time 1.223639 Range 780.071642
Time 0.592582 Range 440.133384
						Time 1.245168 Range 790.068604
Time 0.600588 Range 445.132844
						Time 1.266882 Range 800.065459
Time 0.608628 Range 450.132297
						Time 1.288783 Range 810.062202
Time 0.616702 Range 455.131744
						Time 1.310872 Range 820.058830
Time 0.624809 Range 460.131184
						Time 1.333150 Range 830.055338
Time 0.632952 Range 465.130616
						Time 1.355617 Range 840.051722
Time 0.641128 Range 470.130042
						Time 1.378274 Range 850.047977
Time 0.649340 Range 475.129460
						Time 1.401121 Range 860.044096
Time 0.657586 Range 480.128871
						Time 1.424158 Range 870.040077
						Time 1.447387 Range 880.035913
Time 0.665868 Range 485.128274
						Time 1.470806 Range 890.031598
Time 0.674185 Range 490.127669
						Time 1.494417 Range 900.027127
Time 0.682537 Range 495.127056
						Time 1.518219 Range 910.022494
Time 0.690925 Range 500.126436
						Time 1.542211 Range 920.017694
Time 0.699350 Range 505.125807
						Time 1.566394 Range 930.012720
Time 0.707810 Range 510.125169
						Time 1.590766 Range 940.007564
						Time 1.615328 Range 950.002220
Time 0.716306 Range 515.124523
						Time 1.640493 Range 960.163255
						Time 1.665435 Range 970.157513
Time 0.724839 Range 520.123869
						Time 1.690563 Range 980.151562
Time 0.733409 Range 525.123205
						Time 1.715876 Range 990.145393
						Time 1.741374 Range 1000.139001
Time 0.742015 Range 530.122532
						Time 1.767054 Range 1010.132377
Time 0.750659 Range 535.121850
						Time 1.792916 Range 1020.125512
Time 0.759340 Range 540.121158
						Time 1.818956 Range 1030.118398
Time 0.768058 Range 545.120456
						Time 1.845175 Range 1040.111026
Time 0.776814 Range 550.119745
						Time 1.871569 Range 1050.103388
Time 0.785608 Range 555.119023
						Time 1.898136 Range 1060.095474
Time 0.794440 Range 560.118291
						Time 1.924875 Range 1070.087275
Time 0.803310 Range 565.117548
						Time 1.951784 Range 1080.078780
Time 0.812219 Range 570.116795
						Time 1.978861 Range 1090.069978
Time 0.821166 Range 575.116031
						Time 2.006103 Range 1100.060861
Time 0.830152 Range 580.115255
						Time 2.033509 Range 1110.051419
Time 0.839177 Range 585.114468
						Time 2.061076 Range 1120.041640
						Time 2.088803 Range 1130.031513
Time 0.848241 Range 590.113669
						Time 2.116688 Range 1140.021027
Time 0.857345 Range 595.112858
						Time 2.144728 Range 1150.010170
Time 0.866488 Range 600.112035
						Time 2.173392 Range 1160.165408
						Time 2.201741 Range 1170.153770
Time 0.875671 Range 605.111199
						Time 2.230238 Range 1180.141726
Time 0.884894 Range 610.110351
						Time 2.258884 Range 1190.129265
						Time 2.287677 Range 1200.116373
Time 0.894157 Range 615.109489
						Time 2.316613 Range 1210.103038
Time 0.903461 Range 620.108614
						Time 2.345693 Range 1220.089248
Time 0.912805 Range 625.107725
						Time 2.374914 Range 1230.074990
						Time 2.404275 Range 1240.060250
Time 0.922189 Range 630.106822
						Time 2.433773 Range 1250.045014
Time 0.931615 Range 635.105906
						Time 2.463408 Range 1260.029270
Time 0.941082 Range 640.104974
						Time 2.493179 Range 1270.013004
Time 0.950591 Range 645.104028
						Time 2.523582 Range 1280.162583
Time 0.960141 Range 650.103067
						Time 2.553621 Range 1290.145219
						Time 2.583791 Range 1300.127291
Time 0.969732 Range 655.102091
						Time 2.614091 Range 1310.108782
Time 0.979366 Range 660.101099
						Time 2.644520 Range 1320.089679
Time 0.989042 Range 665.100090
						Time 2.675076 Range 1330.069966
						Time 2.705758 Range 1340.049628
Time 0.998760 Range 670.099066
						Time 2.736566 Range 1350.028649
Time 1.008520 Range 675.098025
						Time 2.767498 Range 1360.007013
Time 1.018323 Range 680.096966
						Time 2.799071 Range 1370.150994
Time 1.028170 Range 685.095891
						Time 2.830250 Range 1380.127986
						Time 2.861551 Range 1390.104273
Time 1.038059 Range 690.094797
						Time 2.892972 Range 1400.079838
Time 1.047992 Range 695.093685
						Time 2.924513 Range 1410.054665
Time 1.057968 Range 700.092554
						Time 2.956173 Range 1420.028736
Time 1.067987 Range 705.091405
						Time 2.987950 Range 1430.002035
						Time 3.020378 Range 1440.140744
Time 1.078051 Range 710.090237
						Time 3.052391 Range 1450.112430
Time 1.088159 Range 715.089050
						Time 3.084520 Range 1460.083290
Time 1.098311 Range 720.087842
						Time 3.116765 Range 1470.053304
Time 1.108507 Range 725.086615
						Time 3.149124 Range 1480.022455
Time 1.118747 Range 730.085366
Time 1.129033 Range 735.084096
						Time 3.182140 Range 1490.156855
Time 1.139363 Range 740.082805
						Time 3.214730 Range 1500.124209
						Time 3.247432 Range 1510.090642
Time 1.149738 Range 745.081492
						Time 3.280247 Range 1520.056136
Time 1.160159 Range 750.080156
						Time 3.313173 Range 1530.020671
Time 1.170624 Range 755.078797
						Time 3.346763 Range 1540.150277
						Time 3.379914 Range 1550.112816
Time 1.181136 Range 760.077414
						Time 3.413175 Range 1560.074334
Time 1.191692 Range 765.076008
						Time 3.446545 Range 1570.034811
Time 1.202295 Range 770.074577
						Time 3.480585 Range 1580.160207
						Time 3.514177 Range 1590.118520
Time 1.212944 Range 775.073122
						Time 3.547877 Range 1600.075727
Time 1.223639 Range 780.071642
						Time 3.581686 Range 1610.031808
Time 1.234380 Range 785.070136
						Time 3.616170 Range 1620.152645
Time 1.245168 Range 790.068604
						Time 3.650197 Range 1630.106385
						Time 3.684331 Range 1640.058931
Time 1.256002 Range 795.067045
						Time 3.718572 Range 1650.010259
						Time 3.753494 Range 1660.126171
Time 1.266882 Range 800.065459
						Time 3.787950 Range 1670.074974
Time 1.277809 Range 805.063845
						Time 3.822512 Range 1680.022489
Time 1.288783 Range 810.062202
						Time 3.857759 Range 1690.134451
Time 1.299804 Range 815.060531
						Time 3.892534 Range 1700.079295
Time 1.310872 Range 820.058830
						Time 3.927414 Range 1710.022777
Time 1.321988 Range 825.057099
						Time 3.962983 Range 1720.130564
Time 1.333150 Range 830.055338
Time 1.344360 Range 835.053546
						Time 3.998074 Range 1730.071225
Time 1.355617 Range 840.051722
						Time 4.033270 Range 1740.010448
Time 1.366922 Range 845.049866
						Time 4.069158 Range 1750.113826
Time 1.378274 Range 850.047977
						Time 4.104563 Range 1760.050072
Time 1.389673 Range 855.046054
						Time 4.140665 Range 1770.150368
Time 1.401121 Range 860.044096
						Time 4.176279 Range 1780.083529
Time 1.412616 Range 865.042104
						Time 4.211996 Range 1790.015121
						Time 4.248415 Range 1800.110601
Time 1.424158 Range 870.040077
						Time 4.284340 Range 1810.038943
Time 1.435749 Range 875.038013
Time 1.447387 Range 880.035913
						Time 4.320969 Range 1820.131062
Time 1.459073 Range 885.033775
						Time 4.357101 Range 1830.056041
Time 1.470806 Range 890.031598
Time 1.482588 Range 895.029382
						Time 4.393941 Range 1840.144682
Time 1.494417 Range 900.027127
						Time 4.430279 Range 1850.066182
Time 1.506294 Range 905.024831
Time 1.518219 Range 910.022494
						Time 4.467328 Range 1860.151226
						Time 4.503872 Range 1870.069128
Time 1.530191 Range 915.020116
						Time 4.541129 Range 1880.150453
						Time 4.577877 Range 1890.064636
Time 1.542211 Range 920.017694
						Time 4.615341 Range 1900.142117
Time 1.554279 Range 925.015229
						Time 4.652294 Range 1910.052457
Time 1.566394 Range 930.012720
						Time 4.689965 Range 1920.125968
						Time 4.727120 Range 1930.032338
Time 1.578556 Range 935.010165
						Time 4.764998 Range 1940.101747
Time 1.590766 Range 940.007564
						Time 4.802356 Range 1950.004018
Time 1.603024 Range 945.004916
						Time 4.840440 Range 1960.069193
						Time 4.878627 Range 1970.132182
Time 1.615328 Range 950.002220
						Time 4.916290 Range 1980.028038
Time 1.628093 Range 955.166050
						Time 4.954683 Range 1990.086588
Time 1.640493 Range 960.163255
						Time 4.993179 Range 2000.142847
Time 1.652941 Range 965.160410
Reach the end of simulation
20:28 taqini@q /home/taqini/Desktop/os_ep/ep6/src/ballistics
$ Time 1.665435 Range 970.157513
Time 1.677975 Range 975.154564
Time 1.690563 Range 980.151562
Time 1.703196 Range 985.148505
Time 1.715876 Range 990.145393
Time 1.728602 Range 995.142225
Time 1.741374 Range 1000.139001
Time 1.754191 Range 1005.135718
Time 1.767054 Range 1010.132377
Time 1.779962 Range 1015.128975
Time 1.792916 Range 1020.125512
Time 1.805914 Range 1025.121987
Time 1.818956 Range 1030.118398
Time 1.832043 Range 1035.114745
Time 1.845175 Range 1040.111026
Time 1.858350 Range 1045.107241
Time 1.871569 Range 1050.103388
Time 1.884831 Range 1055.099466
Time 1.898136 Range 1060.095474
Time 1.911485 Range 1065.091411
Time 1.924875 Range 1070.087275
Time 1.938309 Range 1075.083065
Time 1.951784 Range 1080.078780
Time 1.965302 Range 1085.074418
Time 1.978861 Range 1090.069978
Time 1.992461 Range 1095.065460
Time 2.006103 Range 1100.060861
Time 2.019786 Range 1105.056181
Time 2.033509 Range 1110.051419
Time 2.047273 Range 1115.046572
Time 2.061076 Range 1120.041640
Time 2.074920 Range 1125.036620
Time 2.088803 Range 1130.031513
Time 2.102726 Range 1135.026315
Time 2.116688 Range 1140.021027
Time 2.130688 Range 1145.015646
Time 2.144728 Range 1150.010170
Time 2.158805 Range 1155.004600
Time 2.173392 Range 1160.165408
Time 2.187548 Range 1165.159639
Time 2.201741 Range 1170.153770
Time 2.215971 Range 1175.147800
Time 2.230238 Range 1180.141726
Time 2.244543 Range 1185.135549
Time 2.258884 Range 1190.129265
Time 2.273262 Range 1195.122873
Time 2.287677 Range 1200.116373
Time 2.302127 Range 1205.109762
Time 2.316613 Range 1210.103038
Time 2.331135 Range 1215.096201
Time 2.345693 Range 1220.089248
Time 2.360286 Range 1225.082178
Time 2.374914 Range 1230.074990
Time 2.389577 Range 1235.067681
Time 2.404275 Range 1240.060250
Time 2.419007 Range 1245.052695
Time 2.433773 Range 1250.045014
Time 2.448574 Range 1255.037207
Time 2.463408 Range 1260.029270
Time 2.478277 Range 1265.021203
Time 2.493179 Range 1270.013004
Time 2.508114 Range 1275.004670
Time 2.523582 Range 1280.162583
Time 2.538585 Range 1285.153971
Time 2.553621 Range 1290.145219
Time 2.568690 Range 1295.136327
Time 2.583791 Range 1300.127291
Time 2.598925 Range 1305.118110
Time 2.614091 Range 1310.108782
Time 2.629289 Range 1315.099306
Time 2.644520 Range 1320.089679
Time 2.659782 Range 1325.079899
Time 2.675076 Range 1330.069966
Time 2.690401 Range 1335.059876
Time 2.705758 Range 1340.049628
Time 2.721146 Range 1345.039219
Time 2.736566 Range 1350.028649
Time 2.752016 Range 1355.017914
Time 2.767498 Range 1360.007013
Time 2.783527 Range 1365.162239
Time 2.799071 Range 1370.150994
Time 2.814645 Range 1375.139578
Time 2.830250 Range 1380.127986
Time 2.845886 Range 1385.116219
Time 2.861551 Range 1390.104273
Time 2.877247 Range 1395.092147
Time 2.892972 Range 1400.079838
Time 2.908728 Range 1405.067345
Time 2.924513 Range 1410.054665
Time 2.940328 Range 1415.041796
Time 2.956173 Range 1420.028736
Time 2.972047 Range 1425.015483
Time 2.987950 Range 1430.002035
Time 3.004415 Range 1435.154597
Time 3.020378 Range 1440.140744
Time 3.036370 Range 1445.126689
Time 3.052391 Range 1450.112430
Time 3.068441 Range 1455.097964
Time 3.084520 Range 1460.083290
Time 3.100628 Range 1465.068404
Time 3.116765 Range 1470.053304
Time 3.132930 Range 1475.037989
Time 3.149124 Range 1480.022455
Time 3.165347 Range 1485.006702
Time 3.182140 Range 1490.156855
Time 3.198421 Range 1495.140646
Time 3.214730 Range 1500.124209
Time 3.231067 Range 1505.107542
Time 3.247432 Range 1510.090642
Time 3.263825 Range 1515.073508
Time 3.280247 Range 1520.056136
Time 3.296696 Range 1525.038524
Time 3.313173 Range 1530.020671
Time 3.329678 Range 1535.002572
Time 3.346763 Range 1540.150277
Time 3.363324 Range 1545.131672
Time 3.379914 Range 1550.112816
Time 3.396530 Range 1555.093704
Time 3.413175 Range 1560.074334
Time 3.429846 Range 1565.054704
Time 3.446545 Range 1570.034811
Time 3.463272 Range 1575.014652
Time 3.480585 Range 1580.160207
Time 3.497367 Range 1585.139500
Time 3.514177 Range 1590.118520
Time 3.531013 Range 1595.097263
Time 3.547877 Range 1600.075727
Time 3.564768 Range 1605.053910
Time 3.581686 Range 1610.031808
Time 3.598631 Range 1615.009419
Time 3.616170 Range 1620.152645
Time 3.633170 Range 1625.129663
Time 3.650197 Range 1630.106385
Time 3.667250 Range 1635.082809
Time 3.684331 Range 1640.058931
Time 3.701438 Range 1645.034749
Time 3.718572 Range 1650.010259
Time 3.736305 Range 1655.151294
Time 3.753494 Range 1660.126171
Time 3.770709 Range 1665.100732
Time 3.787950 Range 1670.074974
Time 3.805218 Range 1675.048894
Time 3.822512 Range 1680.022489
Time 3.840411 Range 1685.161526
Time 3.857759 Range 1690.134451
Time 3.875134 Range 1695.107041
Time 3.892534 Range 1700.079295
Time 3.909961 Range 1705.051208
Time 3.927414 Range 1710.022777
Time 3.945477 Range 1715.159702
Time 3.962983 Range 1720.130564
Time 3.980516 Range 1725.101072
Time 3.998074 Range 1730.071225
Time 4.015659 Range 1735.041018
Time 4.033270 Range 1740.010448
Time 4.051495 Range 1745.145142
Time 4.069158 Range 1750.113826
Time 4.086848 Range 1755.082137
Time 4.104563 Range 1760.050072
Time 4.122305 Range 1765.017628
Time 4.140665 Range 1770.150368
Time 4.158459 Range 1775.117143
Time 4.176279 Range 1780.083529
Time 4.194125 Range 1785.049523
Time 4.211996 Range 1790.015121
Time 4.230491 Range 1795.145819
Time 4.248415 Range 1800.110601
Time 4.266364 Range 1805.074977
Time 4.284340 Range 1810.038943
Time 4.302341 Range 1815.002496
Time 4.320969 Range 1820.131062
Time 4.339023 Range 1825.093763
Time 4.357101 Range 1830.056041
Time 4.375206 Range 1835.017890
Time 4.393941 Range 1840.144682
Time 4.412097 Range 1845.105651
Time 4.430279 Range 1850.066182
Time 4.448487 Range 1855.026270
Time 4.467328 Range 1860.151226
Time 4.485587 Range 1865.110404
Time 4.503872 Range 1870.069128
Time 4.522182 Range 1875.027395
Time 4.541129 Range 1880.150453
Time 4.559490 Range 1885.107779
Time 4.577877 Range 1890.064636
Time 4.596289 Range 1895.021020
Time 4.615341 Range 1900.142117
Time 4.633805 Range 1905.097530
Time 4.652294 Range 1910.052457
Time 4.670807 Range 1915.006897
Time 4.689965 Range 1920.125968
Time 4.708530 Range 1925.079403
Time 4.727120 Range 1930.032338
Time 4.746356 Range 1935.149841
Time 4.764998 Range 1940.101747
Time 4.783664 Range 1945.053141
Time 4.802356 Range 1950.004018
Time 4.821697 Range 1955.119378
Time 4.840440 Range 1960.069193
Time 4.859208 Range 1965.018479
Time 4.878627 Range 1970.132182
Time 4.897446 Range 1975.080380
Time 4.916290 Range 1980.028038
Time 4.935788 Range 1985.140044
Time 4.954683 Range 1990.086588
Time 4.973603 Range 1995.032577
Time 4.993179 Range 2000.142847
Reach the end of simulation
